빌드 시작: 2015-05-26 오전 10:10:20
     1>2 노드의 "C:\Users\zetec_000\documents\visual studio 2010\Projects\prob2\prob2\prob2.vcxproj" 프로젝트(build 대상)입니다.
     1>InitializeBuildStatus:
         "AlwaysCreate"이(가) 지정되었기 때문에 "Debug\prob2.unsuccessfulbuild"을(를) 만들고 있습니다.
       ClCompile:
         C:\Program Files (x86)\Microsoft Visual Studio 10.0\VC\bin\CL.exe /c /ZI /nologo /W3 /WX- /Od /Oy- /D WIN32 /D _DEBUG /D _CONSOLE /D _UNICODE /D UNICODE /Gm /EHsc /RTC1 /MDd /GS /fp:precise /Zc:wchar_t /Zc:forScope /Fo"Debug\\" /Fd"Debug\vc100.pdb" /Gd /TC /analyze- /errorReport:prompt "실습문제2.c"
         실습문제2.c
     1>c:\users\zetec_000\documents\visual studio 2010\projects\prob2\prob2\실습문제2.c(23): warning C4996: 'gets': This function or variable may be unsafe. Consider using gets_s instead. To disable deprecation, use _CRT_SECURE_NO_WARNINGS. See online help for details.
                 c:\program files (x86)\microsoft visual studio 10.0\vc\include\stdio.h(277) : 'gets' 선언을 참조하십시오.
     1>c:\users\zetec_000\documents\visual studio 2010\projects\prob2\prob2\실습문제2.c(26): warning C4996: 'scanf': This function or variable may be unsafe. Consider using scanf_s instead. To disable deprecation, use _CRT_SECURE_NO_WARNINGS. See online help for details.
                 c:\program files (x86)\microsoft visual studio 10.0\vc\include\stdio.h(304) : 'scanf' 선언을 참조하십시오.
     1>c:\users\zetec_000\documents\visual studio 2010\projects\prob2\prob2\실습문제2.c(18): warning C4101: 'point' :참조되지 않은 지역 변수입니다.
     1>c:\users\zetec_000\documents\visual studio 2010\projects\prob2\prob2\실습문제2.c(20): warning C4101: 'k' :참조되지 않은 지역 변수입니다.
     1>c:\users\zetec_000\documents\visual studio 2010\projects\prob2\prob2\실습문제2.c(20): warning C4101: 'j' :참조되지 않은 지역 변수입니다.
       ManifestResourceCompile:
         모든 출력이 최신 상태입니다.
       Link:
         C:\Program Files (x86)\Microsoft Visual Studio 10.0\VC\bin\link.exe /ERRORREPORT:PROMPT /OUT:"C:\Users\zetec_000\documents\visual studio 2010\Projects\prob2\Debug\prob2.exe" /INCREMENTAL /NOLOGO kernel32.lib user32.lib gdi32.lib winspool.lib comdlg32.lib advapi32.lib shell32.lib ole32.lib oleaut32.lib uuid.lib odbc32.lib odbccp32.lib /MANIFEST /ManifestFile:"Debug\prob2.exe.intermediate.manifest" /MANIFESTUAC:"level='asInvoker' uiAccess='false'" /DEBUG /PDB:"C:\Users\zetec_000\documents\visual studio 2010\Projects\prob2\Debug\prob2.pdb" /SUBSYSTEM:CONSOLE /TLBID:1 /DYNAMICBASE /NXCOMPAT /IMPLIB:"C:\Users\zetec_000\documents\visual studio 2010\Projects\prob2\Debug\prob2.lib" /MACHINE:X86 Debug\prob2.exe.embed.manifest.res
         "Debug\실습문제2.obj"
       Manifest:
         C:\Program Files (x86)\Microsoft SDKs\Windows\v7.0A\bin\mt.exe /nologo /verbose /out:"Debug\prob2.exe.embed.manifest" /manifest Debug\prob2.exe.intermediate.manifest
         모든 출력이 최신 상태입니다.
       LinkEmbedManifest:
         모든 출력이 최신 상태입니다.
         prob2.vcxproj -> C:\Users\zetec_000\documents\visual studio 2010\Projects\prob2\Debug\prob2.exe
       FinalizeBuildStatus:
         "Debug\prob2.unsuccessfulbuild" 파일을 삭제하고 있습니다.
         "Debug\prob2.lastbuildstate"에 연결(touching)하고 있습니다.
     1>"C:\Users\zetec_000\documents\visual studio 2010\Projects\prob2\prob2\prob2.vcxproj" 프로젝트를 빌드했습니다(build 대상).

빌드했습니다.

경과 시간: 00:00:02.03
