빌드 시작: 2015-05-13 오후 3:58:59
     1>2 노드의 "c:\Users\kw\documents\visual studio 2010\Projects\prob3\prob3\prob3.vcxproj" 프로젝트(build 대상)입니다.
     1>InitializeBuildStatus:
         "AlwaysCreate"이(가) 지정되었기 때문에 "Debug\prob3.unsuccessfulbuild"을(를) 만들고 있습니다.
       ClCompile:
         c:\Program Files\Microsoft Visual Studio 10.0\VC\bin\CL.exe /c /ZI /nologo /W3 /WX- /Od /Oy- /D WIN32 /D _DEBUG /D _CONSOLE /D _UNICODE /D UNICODE /Gm /EHsc /RTC1 /MDd /GS /fp:precise /Zc:wchar_t /Zc:forScope /Fo"Debug\\" /Fd"Debug\vc100.pdb" /Gd /TC /analyze- /errorReport:prompt "실습문제3.c"
         실습문제3.c
     1>c:\users\kw\documents\visual studio 2010\projects\prob3\prob3\실습문제3.c(10): warning C4996: 'scanf': This function or variable may be unsafe. Consider using scanf_s instead. To disable deprecation, use _CRT_SECURE_NO_WARNINGS. See online help for details.
                 c:\program files\microsoft visual studio 10.0\vc\include\stdio.h(304) : 'scanf' 선언을 참조하십시오.
     1>c:\users\kw\documents\visual studio 2010\projects\prob3\prob3\실습문제3.c(12): warning C4996: 'scanf': This function or variable may be unsafe. Consider using scanf_s instead. To disable deprecation, use _CRT_SECURE_NO_WARNINGS. See online help for details.
                 c:\program files\microsoft visual studio 10.0\vc\include\stdio.h(304) : 'scanf' 선언을 참조하십시오.
     1>c:\users\kw\documents\visual studio 2010\projects\prob3\prob3\실습문제3.c(14): warning C4047: '함수' : 'int'의 간접 참조 수준이 'int *'과(와) 다릅니다.
     1>c:\users\kw\documents\visual studio 2010\projects\prob3\prob3\실습문제3.c(14): warning C4024: 'swap' : 형식 및 실제 매개 변수 1의 형식이 서로 다릅니다.
     1>c:\users\kw\documents\visual studio 2010\projects\prob3\prob3\실습문제3.c(14): warning C4047: '함수' : 'int'의 간접 참조 수준이 'int *'과(와) 다릅니다.
     1>c:\users\kw\documents\visual studio 2010\projects\prob3\prob3\실습문제3.c(14): warning C4024: 'swap' : 형식 및 실제 매개 변수 2의 형식이 서로 다릅니다.
     1>c:\users\kw\documents\visual studio 2010\projects\prob3\prob3\실습문제3.c(24): warning C4028: 정식 매개 변수 1이(가) 선언과 다릅니다.
     1>c:\users\kw\documents\visual studio 2010\projects\prob3\prob3\실습문제3.c(24): warning C4028: 정식 매개 변수 2이(가) 선언과 다릅니다.
       ManifestResourceCompile:
         모든 출력이 최신 상태입니다.
       Link:
         c:\Program Files\Microsoft Visual Studio 10.0\VC\bin\link.exe /ERRORREPORT:PROMPT /OUT:"c:\users\kw\documents\visual studio 2010\Projects\prob3\Debug\prob3.exe" /INCREMENTAL /NOLOGO kernel32.lib user32.lib gdi32.lib winspool.lib comdlg32.lib advapi32.lib shell32.lib ole32.lib oleaut32.lib uuid.lib odbc32.lib odbccp32.lib /MANIFEST /ManifestFile:"Debug\prob3.exe.intermediate.manifest" /MANIFESTUAC:"level='asInvoker' uiAccess='false'" /DEBUG /PDB:"c:\users\kw\documents\visual studio 2010\Projects\prob3\Debug\prob3.pdb" /SUBSYSTEM:CONSOLE /TLBID:1 /DYNAMICBASE /NXCOMPAT /IMPLIB:"c:\users\kw\documents\visual studio 2010\Projects\prob3\Debug\prob3.lib" /MACHINE:X86 Debug\prob3.exe.embed.manifest.res
         "Debug\실습문제3.obj"
       Manifest:
         C:\Program Files\Microsoft SDKs\Windows\v7.0A\bin\mt.exe /nologo /verbose /out:"Debug\prob3.exe.embed.manifest" /manifest Debug\prob3.exe.intermediate.manifest
         모든 출력이 최신 상태입니다.
       LinkEmbedManifest:
         모든 출력이 최신 상태입니다.
         prob3.vcxproj -> c:\users\kw\documents\visual studio 2010\Projects\prob3\Debug\prob3.exe
       FinalizeBuildStatus:
         "Debug\prob3.unsuccessfulbuild" 파일을 삭제하고 있습니다.
         "Debug\prob3.lastbuildstate"에 연결(touching)하고 있습니다.
     1>"c:\Users\kw\documents\visual studio 2010\Projects\prob3\prob3\prob3.vcxproj" 프로젝트를 빌드했습니다(build 대상).

빌드했습니다.

경과 시간: 00:00:00.36
